2020-06-15 14:15:27.261  INFO 3404 --- [main] c.eureka.server.EurekaServerApplication  : No active profile set, falling back to default profiles: default
2020-06-15 14:15:32.756  WARN 3404 --- [main] o.s.boot.actuate.endpoint.EndpointId     : Endpoint ID 'service-registry' contains invalid characters, please migrate to a valid format.
2020-06-15 14:15:33.361  INFO 3404 --- [main] o.s.cloud.context.scope.GenericScope     : BeanFactory id=61ec1418-7695-3f06-b947-4789e502fe41
2020-06-15 14:15:34.977  INFO 3404 --- [main] o.s.b.w.embedded.tomcat.TomcatWebServer  : Tomcat initialized with port(s): 8761 (http)
2020-06-15 14:15:35.019  INFO 3404 --- [main] o.apache.catalina.core.StandardService   : Starting service [Tomcat]
2020-06-15 14:15:35.021  INFO 3404 --- [main] org.apache.catalina.core.StandardEngine  : Starting Servlet engine: [Apache Tomcat/9.0.35]
2020-06-15 14:15:35.642  INFO 3404 --- [main] o.a.c.c.C.[Tomcat].[localhost].[/]       : Initializing Spring embedded WebApplicationContext
2020-06-15 14:15:35.646  INFO 3404 --- [main] o.s.web.context.ContextLoader            : Root WebApplicationContext: initialization completed in 8315 ms
2020-06-15 14:15:35.995  WARN 3404 --- [main] c.n.c.sources.URLConfigurationSource     : No URLs will be polled as dynamic configuration sources.
2020-06-15 14:15:36.000  INFO 3404 --- [main] c.n.c.sources.URLConfigurationSource     : To enable URLs as dynamic configuration sources, define System property archaius.configurationSource.additionalUrls or make config.properties available on classpath.
2020-06-15 14:15:36.025  INFO 3404 --- [main] c.netflix.config.DynamicPropertyFactory  : DynamicPropertyFactory is initialized with configuration sources: com.netflix.config.ConcurrentCompositeConfiguration@16ee9aa7
2020-06-15 14:15:37.412  INFO 3404 --- [main] c.s.j.s.i.a.WebApplicationImpl           : Initiating Jersey application, version 'Jersey: 1.19.1 03/11/2016 02:08 PM'
2020-06-15 14:15:37.632  INFO 3404 --- [main] c.n.d.provider.DiscoveryJerseyProvider   : Using JSON encoding codec LegacyJacksonJson
2020-06-15 14:15:37.640  INFO 3404 --- [main] c.n.d.provider.DiscoveryJerseyProvider   : Using JSON decoding codec LegacyJacksonJson
2020-06-15 14:15:38.007  INFO 3404 --- [main] c.n.d.provider.DiscoveryJerseyProvider   : Using XML encoding codec XStreamXml
2020-06-15 14:15:38.090  INFO 3404 --- [main] c.n.d.provider.DiscoveryJerseyProvider   : Using XML decoding codec XStreamXml
2020-06-15 14:15:39.616  WARN 3404 --- [main] c.n.c.sources.URLConfigurationSource     : No URLs will be polled as dynamic configuration sources.
2020-06-15 14:15:39.616  INFO 3404 --- [main] c.n.c.sources.URLConfigurationSource     : To enable URLs as dynamic configuration sources, define System property archaius.configurationSource.additionalUrls or make config.properties available on classpath.
2020-06-15 14:15:46.457  INFO 3404 --- [main] o.s.s.concurrent.ThreadPoolTaskExecutor  : Initializing ExecutorService 'applicationTaskExecutor'
2020-06-15 14:15:50.064  WARN 3404 --- [main] ockingLoadBalancerClientRibbonWarnLogger : You already have RibbonLoadBalancerClient on your classpath. It will be used by default. As Spring Cloud Ribbon is in maintenance mode. We recommend switching to BlockingLoadBalancerClient instead. In order to use it, set the value of `spring.cloud.loadbalancer.ribbon.enabled` to `false` or remove spring-cloud-starter-netflix-ribbon from your project.
2020-06-15 14:15:50.196  INFO 3404 --- [main] o.s.c.n.eureka.InstanceInfoFactory       : Setting initial instance status as: STARTING
2020-06-15 14:15:50.345  INFO 3404 --- [main] com.netflix.discovery.DiscoveryClient    : Initializing Eureka in region us-east-1
2020-06-15 14:15:50.346  INFO 3404 --- [main] com.netflix.discovery.DiscoveryClient    : Client configured to neither register nor query for data.
2020-06-15 14:15:50.396  INFO 3404 --- [main] com.netflix.discovery.DiscoveryClient    : Discovery Client initialized at timestamp 1592223350391 with initial instances count: 0
2020-06-15 14:15:50.557  INFO 3404 --- [main] c.n.eureka.DefaultEurekaServerContext    : Initializing ...
2020-06-15 14:15:50.566  INFO 3404 --- [main] c.n.eureka.cluster.PeerEurekaNodes       : Adding new peer nodes [http://localhost:8761/eureka/]
2020-06-15 14:15:51.164  INFO 3404 --- [main] c.n.d.provider.DiscoveryJerseyProvider   : Using JSON encoding codec LegacyJacksonJson
2020-06-15 14:15:51.165  INFO 3404 --- [main] c.n.d.provider.DiscoveryJerseyProvider   : Using JSON decoding codec LegacyJacksonJson
2020-06-15 14:15:51.165  INFO 3404 --- [main] c.n.d.provider.DiscoveryJerseyProvider   : Using XML encoding codec XStreamXml
2020-06-15 14:15:51.166  INFO 3404 --- [main] c.n.d.provider.DiscoveryJerseyProvider   : Using XML decoding codec XStreamXml
2020-06-15 14:15:51.521  INFO 3404 --- [main] c.n.eureka.cluster.PeerEurekaNodes       : Replica node URL:  http://localhost:8761/eureka/
2020-06-15 14:15:51.555  INFO 3404 --- [main] c.n.e.registry.AbstractInstanceRegistry  : Finished initializing remote region registries. All known remote regions: []
2020-06-15 14:15:51.557  INFO 3404 --- [main] c.n.eureka.DefaultEurekaServerContext    : Initialized
2020-06-15 14:15:51.627  INFO 3404 --- [main] o.s.b.a.e.web.EndpointLinksResolver      : Exposing 2 endpoint(s) beneath base path '/actuator'
2020-06-15 14:15:51.873  INFO 3404 --- [main] o.s.c.n.e.s.EurekaServiceRegistry        : Registering application EUREKA-SERVER with eureka with status UP
2020-06-15 14:15:51.957  INFO 3404 --- [Thread-398] o.s.c.n.e.server.EurekaServerBootstrap   : Setting the eureka configuration..
2020-06-15 14:15:52.026  INFO 3404 --- [Thread-398] o.s.c.n.e.server.EurekaServerBootstrap   : Eureka data center value eureka.datacenter is not set, defaulting to default
2020-06-15 14:15:52.034  INFO 3404 --- [Thread-398] o.s.c.n.e.server.EurekaServerBootstrap   : Eureka environment value eureka.environment is not set, defaulting to test
2020-06-15 14:15:52.034  INFO 3404 --- [main] o.s.b.w.embedded.tomcat.TomcatWebServer  : Tomcat started on port(s): 8761 (http) with context path ''
2020-06-15 14:15:52.036  INFO 3404 --- [main] .s.c.n.e.s.EurekaAutoServiceRegistration : Updating port to 8761
2020-06-15 14:15:52.053  INFO 3404 --- [Thread-398] o.s.c.n.e.server.EurekaServerBootstrap   : isAws returned false
2020-06-15 14:15:52.055  INFO 3404 --- [Thread-398] o.s.c.n.e.server.EurekaServerBootstrap   : Initialized server context
2020-06-15 14:15:52.056  INFO 3404 --- [Thread-398] c.n.e.r.PeerAwareInstanceRegistryImpl    : Got 1 instances from neighboring DS node
2020-06-15 14:15:52.056  INFO 3404 --- [Thread-398] c.n.e.r.PeerAwareInstanceRegistryImpl    : Renew threshold is: 1
2020-06-15 14:15:52.057  INFO 3404 --- [Thread-398] c.n.e.r.PeerAwareInstanceRegistryImpl    : Changing status to UP
2020-06-15 14:15:52.074  INFO 3404 --- [Thread-398] e.s.EurekaServerInitializerConfiguration : Started Eureka Server
2020-06-15 14:15:52.924  INFO 3404 --- [main] c.eureka.server.EurekaServerApplication  : Started EurekaServerApplication in 30.714 seconds (JVM running for 38.807)
2020-06-15 14:15:53.207  INFO 3404 --- [RMI TCP Connection(3)-192.168.56.1] o.a.c.c.C.[Tomcat].[localhost].[/]       : Initializing Spring DispatcherServlet 'dispatcherServlet'
2020-06-15 14:15:53.208  INFO 3404 --- [RMI TCP Connection(3)-192.168.56.1] o.s.web.servlet.DispatcherServlet        : Initializing Servlet 'dispatcherServlet'
2020-06-15 14:15:53.223  INFO 3404 --- [RMI TCP Connection(3)-192.168.56.1] o.s.web.servlet.DispatcherServlet        : Completed initialization in 15 ms
2020-06-15 14:16:52.075  INFO 3404 --- [Eureka-EvictionTimer] c.n.e.registry.AbstractInstanceRegistry  : Running the evict task with compensationTime 0ms
2020-06-15 14:17:02.717  INFO 3404 --- [http-nio-8761-exec-9] c.n.e.registry.AbstractInstanceRegistry  : Registered instance EUREKA-AUTHORIZATION-SERVICE/DESKTOP-H4C7KO5:eureka-authorization-service:8095 with status UP (replication=false)
2020-06-15 14:17:03.457  INFO 3404 --- [http-nio-8761-exec-8] c.n.e.registry.AbstractInstanceRegistry  : Registered instance EUREKA-AUTHORIZATION-SERVICE/DESKTOP-H4C7KO5:eureka-authorization-service:8095 with status UP (replication=true)
2020-06-15 14:17:05.576  INFO 3404 --- [http-nio-8761-exec-6] c.n.e.registry.AbstractInstanceRegistry  : Registered instance GATEWAY-SERVICE/DESKTOP-H4C7KO5:gateway-service:8662 with status UP (replication=false)
2020-06-15 14:17:06.104  INFO 3404 --- [http-nio-8761-exec-4] c.n.e.registry.AbstractInstanceRegistry  : Registered instance GATEWAY-SERVICE/DESKTOP-H4C7KO5:gateway-service:8662 with status UP (replication=true)
2020-06-15 14:17:06.381  INFO 3404 --- [http-nio-8761-exec-2] c.n.e.registry.AbstractInstanceRegistry  : Registered instance EUREKA-ADMIN-SERVICE/DESKTOP-H4C7KO5:eureka-admin-service:8094 with status UP (replication=false)
2020-06-15 14:17:06.896  INFO 3404 --- [http-nio-8761-exec-3] c.n.e.registry.AbstractInstanceRegistry  : Registered instance EUREKA-ADMIN-SERVICE/DESKTOP-H4C7KO5:eureka-admin-service:8094 with status UP (replication=true)
2020-06-15 14:17:52.076  INFO 3404 --- [Eureka-EvictionTimer] c.n.e.registry.AbstractInstanceRegistry  : Running the evict task with compensationTime 0ms
2020-06-15 14:18:52.076  INFO 3404 --- [Eureka-EvictionTimer] c.n.e.registry.AbstractInstanceRegistry  : Running the evict task with compensationTime 0ms
2020-06-15 14:18:55.678  INFO 3404 --- [http-nio-8761-exec-1] c.n.e.registry.AbstractInstanceRegistry  : Registered instance GATEWAY-SERVICE/DESKTOP-H4C7KO5:gateway-service:8662 with status UP (replication=false)
2020-06-15 14:18:56.197  INFO 3404 --- [http-nio-8761-exec-9] c.n.e.registry.AbstractInstanceRegistry  : Registered instance GATEWAY-SERVICE/DESKTOP-H4C7KO5:gateway-service:8662 with status UP (replication=true)
2020-06-15 14:19:52.077  INFO 3404 --- [Eureka-EvictionTimer] c.n.e.registry.AbstractInstanceRegistry  : Running the evict task with compensationTime 0ms
2020-06-15 14:20:52.077  INFO 3404 --- [Eureka-EvictionTimer] c.n.e.registry.AbstractInstanceRegistry  : Running the evict task with compensationTime 0ms
2020-06-15 14:21:52.078  INFO 3404 --- [Eureka-EvictionTimer] c.n.e.registry.AbstractInstanceRegistry  : Running the evict task with compensationTime 0ms
2020-06-15 14:22:52.078  INFO 3404 --- [Eureka-EvictionTimer] c.n.e.registry.AbstractInstanceRegistry  : Running the evict task with compensationTime 0ms
2020-06-15 14:23:52.079  INFO 3404 --- [Eureka-EvictionTimer] c.n.e.registry.AbstractInstanceRegistry  : Running the evict task with compensationTime 0ms
2020-06-15 14:24:52.080  INFO 3404 --- [Eureka-EvictionTimer] c.n.e.registry.AbstractInstanceRegistry  : Running the evict task with compensationTime 0ms
2020-06-15 14:25:52.091  INFO 3404 --- [Eureka-EvictionTimer] c.n.e.registry.AbstractInstanceRegistry  : Running the evict task with compensationTime 11ms
2020-06-15 14:26:52.091  INFO 3404 --- [Eureka-EvictionTimer] c.n.e.registry.AbstractInstanceRegistry  : Running the evict task with compensationTime 0ms
2020-06-15 14:27:52.092  INFO 3404 --- [Eureka-EvictionTimer] c.n.e.registry.AbstractInstanceRegistry  : Running the evict task with compensationTime 0ms
2020-06-15 14:28:52.093  INFO 3404 --- [Eureka-EvictionTimer] c.n.e.registry.AbstractInstanceRegistry  : Running the evict task with compensationTime 2ms
2020-06-15 14:29:52.094  INFO 3404 --- [Eureka-EvictionTimer] c.n.e.registry.AbstractInstanceRegistry  : Running the evict task with compensationTime 0ms
2020-06-15 14:30:51.558  INFO 3404 --- [ReplicaAwareInstanceRegistry - RenewalThresholdUpdater] c.n.e.r.PeerAwareInstanceRegistryImpl    : Current renewal threshold is : 6
2020-06-15 14:30:52.094  INFO 3404 --- [Eureka-EvictionTimer] c.n.e.registry.AbstractInstanceRegistry  : Running the evict task with compensationTime 0ms
2020-06-15 14:31:52.094  INFO 3404 --- [Eureka-EvictionTimer] c.n.e.registry.AbstractInstanceRegistry  : Running the evict task with compensationTime 0ms
2020-06-15 14:32:52.099  INFO 3404 --- [Eureka-EvictionTimer] c.n.e.registry.AbstractInstanceRegistry  : Running the evict task with compensationTime 5ms
2020-06-15 14:33:52.099  INFO 3404 --- [Eureka-EvictionTimer] c.n.e.registry.AbstractInstanceRegistry  : Running the evict task with compensationTime 0ms
2020-06-15 14:34:52.100  INFO 3404 --- [Eureka-EvictionTimer] c.n.e.registry.AbstractInstanceRegistry  : Running the evict task with compensationTime 1ms
2020-06-15 14:35:52.100  INFO 3404 --- [Eureka-EvictionTimer] c.n.e.registry.AbstractInstanceRegistry  : Running the evict task with compensationTime 0ms
2020-06-15 14:36:52.160  INFO 3404 --- [Eureka-EvictionTimer] c.n.e.registry.AbstractInstanceRegistry  : Running the evict task with compensationTime 59ms
2020-06-15 14:37:52.161  INFO 3404 --- [Eureka-EvictionTimer] c.n.e.registry.AbstractInstanceRegistry  : Running the evict task with compensationTime 2ms
2020-06-15 14:38:52.162  INFO 3404 --- [Eureka-EvictionTimer] c.n.e.registry.AbstractInstanceRegistry  : Running the evict task with compensationTime 0ms
2020-06-15 14:39:52.162  INFO 3404 --- [Eureka-EvictionTimer] c.n.e.registry.AbstractInstanceRegistry  : Running the evict task with compensationTime 0ms
2020-06-15 14:40:52.163  INFO 3404 --- [Eureka-EvictionTimer] c.n.e.registry.AbstractInstanceRegistry  : Running the evict task with compensationTime 0ms
2020-06-15 14:41:52.163  INFO 3404 --- [Eureka-EvictionTimer] c.n.e.registry.AbstractInstanceRegistry  : Running the evict task with compensationTime 0ms
2020-06-15 14:42:52.164  INFO 3404 --- [Eureka-EvictionTimer] c.n.e.registry.AbstractInstanceRegistry  : Running the evict task with compensationTime 0ms
2020-06-15 14:43:52.164  INFO 3404 --- [Eureka-EvictionTimer] c.n.e.registry.AbstractInstanceRegistry  : Running the evict task with compensationTime 0ms
2020-06-15 14:44:52.165  INFO 3404 --- [Eureka-EvictionTimer] c.n.e.registry.AbstractInstanceRegistry  : Running the evict task with compensationTime 0ms
2020-06-15 14:45:51.557  INFO 3404 --- [ReplicaAwareInstanceRegistry - RenewalThresholdUpdater] c.n.e.r.PeerAwareInstanceRegistryImpl    : Current renewal threshold is : 6
2020-06-15 14:45:52.166  INFO 3404 --- [Eureka-EvictionTimer] c.n.e.registry.AbstractInstanceRegistry  : Running the evict task with compensationTime 0ms
2020-06-15 14:46:52.166  INFO 3404 --- [Eureka-EvictionTimer] c.n.e.registry.AbstractInstanceRegistry  : Running the evict task with compensationTime 0ms
2020-06-15 14:47:52.167  INFO 3404 --- [Eureka-EvictionTimer] c.n.e.registry.AbstractInstanceRegistry  : Running the evict task with compensationTime 1ms
2020-06-15 14:48:52.167  INFO 3404 --- [Eureka-EvictionTimer] c.n.e.registry.AbstractInstanceRegistry  : Running the evict task with compensationTime 0ms
2020-06-15 14:49:52.168  INFO 3404 --- [Eureka-EvictionTimer] c.n.e.registry.AbstractInstanceRegistry  : Running the evict task with compensationTime 0ms
2020-06-15 14:50:52.168  INFO 3404 --- [Eureka-EvictionTimer] c.n.e.registry.AbstractInstanceRegistry  : Running the evict task with compensationTime 0ms
2020-06-15 14:51:52.168  INFO 3404 --- [Eureka-EvictionTimer] c.n.e.registry.AbstractInstanceRegistry  : Running the evict task with compensationTime 0ms
2020-06-15 14:52:52.169  INFO 3404 --- [Eureka-EvictionTimer] c.n.e.registry.AbstractInstanceRegistry  : Running the evict task with compensationTime 0ms
2020-06-15 14:53:52.169  INFO 3404 --- [Eureka-EvictionTimer] c.n.e.registry.AbstractInstanceRegistry  : Running the evict task with compensationTime 0ms
2020-06-15 14:54:52.172  INFO 3404 --- [Eureka-EvictionTimer] c.n.e.registry.AbstractInstanceRegistry  : Running the evict task with compensationTime 3ms
2020-06-15 14:55:52.183  INFO 3404 --- [Eureka-EvictionTimer] c.n.e.registry.AbstractInstanceRegistry  : Running the evict task with compensationTime 10ms
2020-06-15 14:56:52.183  INFO 3404 --- [Eureka-EvictionTimer] c.n.e.registry.AbstractInstanceRegistry  : Running the evict task with compensationTime 0ms
2020-06-15 14:57:52.183  INFO 3404 --- [Eureka-EvictionTimer] c.n.e.registry.AbstractInstanceRegistry  : Running the evict task with compensationTime 1ms
2020-06-15 14:58:52.184  INFO 3404 --- [Eureka-EvictionTimer] c.n.e.registry.AbstractInstanceRegistry  : Running the evict task with compensationTime 0ms
2020-06-15 14:59:52.185  INFO 3404 --- [Eureka-EvictionTimer] c.n.e.registry.AbstractInstanceRegistry  : Running the evict task with compensationTime 0ms
2020-06-15 15:00:51.557  INFO 3404 --- [ReplicaAwareInstanceRegistry - RenewalThresholdUpdater] c.n.e.r.PeerAwareInstanceRegistryImpl    : Current renewal threshold is : 6
2020-06-15 15:00:52.186  INFO 3404 --- [Eureka-EvictionTimer] c.n.e.registry.AbstractInstanceRegistry  : Running the evict task with compensationTime 0ms
2020-06-15 15:01:52.187  INFO 3404 --- [Eureka-EvictionTimer] c.n.e.registry.AbstractInstanceRegistry  : Running the evict task with compensationTime 1ms
2020-06-15 15:02:52.188  INFO 3404 --- [Eureka-EvictionTimer] c.n.e.registry.AbstractInstanceRegistry  : Running the evict task with compensationTime 0ms
2020-06-15 15:03:52.188  INFO 3404 --- [Eureka-EvictionTimer] c.n.e.registry.AbstractInstanceRegistry  : Running the evict task with compensationTime 0ms
2020-06-15 15:04:52.188  INFO 3404 --- [Eureka-EvictionTimer] c.n.e.registry.AbstractInstanceRegistry  : Running the evict task with compensationTime 0ms
2020-06-15 15:05:52.189  INFO 3404 --- [Eureka-EvictionTimer] c.n.e.registry.AbstractInstanceRegistry  : Running the evict task with compensationTime 0ms
2020-06-15 15:06:52.189  INFO 3404 --- [Eureka-EvictionTimer] c.n.e.registry.AbstractInstanceRegistry  : Running the evict task with compensationTime 0ms
2020-06-15 15:07:52.190  INFO 3404 --- [Eureka-EvictionTimer] c.n.e.registry.AbstractInstanceRegistry  : Running the evict task with compensationTime 0ms
2020-06-15 15:08:52.190  INFO 3404 --- [Eureka-EvictionTimer] c.n.e.registry.AbstractInstanceRegistry  : Running the evict task with compensationTime 0ms
2020-06-15 15:09:52.191  INFO 3404 --- [Eureka-EvictionTimer] c.n.e.registry.AbstractInstanceRegistry  : Running the evict task with compensationTime 0ms
2020-06-15 15:10:52.192  INFO 3404 --- [Eureka-EvictionTimer] c.n.e.registry.AbstractInstanceRegistry  : Running the evict task with compensationTime 0ms
2020-06-15 15:11:52.192  INFO 3404 --- [Eureka-EvictionTimer] c.n.e.registry.AbstractInstanceRegistry  : Running the evict task with compensationTime 0ms
2020-06-15 15:12:52.192  INFO 3404 --- [Eureka-EvictionTimer] c.n.e.registry.AbstractInstanceRegistry  : Running the evict task with compensationTime 0ms
2020-06-15 15:13:52.193  INFO 3404 --- [Eureka-EvictionTimer] c.n.e.registry.AbstractInstanceRegistry  : Running the evict task with compensationTime 0ms
2020-06-15 15:14:52.194  INFO 3404 --- [Eureka-EvictionTimer] c.n.e.registry.AbstractInstanceRegistry  : Running the evict task with compensationTime 0ms
2020-06-15 15:15:51.557  INFO 3404 --- [ReplicaAwareInstanceRegistry - RenewalThresholdUpdater] c.n.e.r.PeerAwareInstanceRegistryImpl    : Current renewal threshold is : 6
2020-06-15 15:15:52.194  INFO 3404 --- [Eureka-EvictionTimer] c.n.e.registry.AbstractInstanceRegistry  : Running the evict task with compensationTime 0ms
2020-06-15 15:16:52.195  INFO 3404 --- [Eureka-EvictionTimer] c.n.e.registry.AbstractInstanceRegistry  : Running the evict task with compensationTime 0ms
2020-06-15 15:17:52.195  INFO 3404 --- [Eureka-EvictionTimer] c.n.e.registry.AbstractInstanceRegistry  : Running the evict task with compensationTime 0ms
2020-06-15 15:18:52.196  INFO 3404 --- [Eureka-EvictionTimer] c.n.e.registry.AbstractInstanceRegistry  : Running the evict task with compensationTime 1ms
2020-06-15 15:19:52.196  INFO 3404 --- [Eureka-EvictionTimer] c.n.e.registry.AbstractInstanceRegistry  : Running the evict task with compensationTime 0ms
2020-06-15 15:20:52.197  INFO 3404 --- [Eureka-EvictionTimer] c.n.e.registry.AbstractInstanceRegistry  : Running the evict task with compensationTime 0ms
2020-06-15 15:21:52.197  INFO 3404 --- [Eureka-EvictionTimer] c.n.e.registry.AbstractInstanceRegistry  : Running the evict task with compensationTime 0ms
2020-06-15 15:22:52.197  INFO 3404 --- [Eureka-EvictionTimer] c.n.e.registry.AbstractInstanceRegistry  : Running the evict task with compensationTime 0ms
2020-06-15 15:23:52.198  INFO 3404 --- [Eureka-EvictionTimer] c.n.e.registry.AbstractInstanceRegistry  : Running the evict task with compensationTime 0ms
2020-06-15 15:24:52.198  INFO 3404 --- [Eureka-EvictionTimer] c.n.e.registry.AbstractInstanceRegistry  : Running the evict task with compensationTime 0ms
2020-06-15 15:25:52.199  INFO 3404 --- [Eureka-EvictionTimer] c.n.e.registry.AbstractInstanceRegistry  : Running the evict task with compensationTime 0ms
2020-06-15 15:26:52.204  INFO 3404 --- [Eureka-EvictionTimer] c.n.e.registry.AbstractInstanceRegistry  : Running the evict task with compensationTime 5ms
2020-06-15 15:27:52.205  INFO 3404 --- [Eureka-EvictionTimer] c.n.e.registry.AbstractInstanceRegistry  : Running the evict task with compensationTime 0ms
2020-06-15 15:28:52.206  INFO 3404 --- [Eureka-EvictionTimer] c.n.e.registry.AbstractInstanceRegistry  : Running the evict task with compensationTime 1ms
2020-06-15 15:29:52.207  INFO 3404 --- [Eureka-EvictionTimer] c.n.e.registry.AbstractInstanceRegistry  : Running the evict task with compensationTime 0ms
2020-06-15 15:30:51.558  INFO 3404 --- [ReplicaAwareInstanceRegistry - RenewalThresholdUpdater] c.n.e.r.PeerAwareInstanceRegistryImpl    : Current renewal threshold is : 6
2020-06-15 15:30:52.208  INFO 3404 --- [Eureka-EvictionTimer] c.n.e.registry.AbstractInstanceRegistry  : Running the evict task with compensationTime 0ms
2020-06-15 15:31:52.209  INFO 3404 --- [Eureka-EvictionTimer] c.n.e.registry.AbstractInstanceRegistry  : Running the evict task with compensationTime 1ms
2020-06-15 15:32:52.210  INFO 3404 --- [Eureka-EvictionTimer] c.n.e.registry.AbstractInstanceRegistry  : Running the evict task with compensationTime 0ms
2020-06-15 15:33:52.210  INFO 3404 --- [Eureka-EvictionTimer] c.n.e.registry.AbstractInstanceRegistry  : Running the evict task with compensationTime 0ms
2020-06-15 15:34:52.211  INFO 3404 --- [Eureka-EvictionTimer] c.n.e.registry.AbstractInstanceRegistry  : Running the evict task with compensationTime 0ms
2020-06-15 15:35:52.211  INFO 3404 --- [Eureka-EvictionTimer] c.n.e.registry.AbstractInstanceRegistry  : Running the evict task with compensationTime 0ms
2020-06-15 15:36:52.212  INFO 3404 --- [Eureka-EvictionTimer] c.n.e.registry.AbstractInstanceRegistry  : Running the evict task with compensationTime 0ms
2020-06-15 15:37:52.226  INFO 3404 --- [Eureka-EvictionTimer] c.n.e.registry.AbstractInstanceRegistry  : Running the evict task with compensationTime 14ms
2020-06-15 15:38:52.244  INFO 3404 --- [Eureka-EvictionTimer] c.n.e.registry.AbstractInstanceRegistry  : Running the evict task with compensationTime 18ms
2020-06-15 15:39:52.244  INFO 3404 --- [Eureka-EvictionTimer] c.n.e.registry.AbstractInstanceRegistry  : Running the evict task with compensationTime 0ms
2020-06-15 15:40:52.246  INFO 3404 --- [Eureka-EvictionTimer] c.n.e.registry.AbstractInstanceRegistry  : Running the evict task with compensationTime 1ms
2020-06-15 15:41:52.246  INFO 3404 --- [Eureka-EvictionTimer] c.n.e.registry.AbstractInstanceRegistry  : Running the evict task with compensationTime 0ms
2020-06-15 15:42:52.247  INFO 3404 --- [Eureka-EvictionTimer] c.n.e.registry.AbstractInstanceRegistry  : Running the evict task with compensationTime 0ms
2020-06-15 15:43:52.247  INFO 3404 --- [Eureka-EvictionTimer] c.n.e.registry.AbstractInstanceRegistry  : Running the evict task with compensationTime 0ms
2020-06-15 15:44:52.247  INFO 3404 --- [Eureka-EvictionTimer] c.n.e.registry.AbstractInstanceRegistry  : Running the evict task with compensationTime 0ms
2020-06-15 15:45:51.558  INFO 3404 --- [ReplicaAwareInstanceRegistry - RenewalThresholdUpdater] c.n.e.r.PeerAwareInstanceRegistryImpl    : Current renewal threshold is : 6
2020-06-15 15:45:52.247  INFO 3404 --- [Eureka-EvictionTimer] c.n.e.registry.AbstractInstanceRegistry  : Running the evict task with compensationTime 0ms
2020-06-15 15:46:52.256  INFO 3404 --- [Eureka-EvictionTimer] c.n.e.registry.AbstractInstanceRegistry  : Running the evict task with compensationTime 9ms
2020-06-15 15:47:52.257  INFO 3404 --- [Eureka-EvictionTimer] c.n.e.registry.AbstractInstanceRegistry  : Running the evict task with compensationTime 0ms
2020-06-15 15:48:52.258  INFO 3404 --- [Eureka-EvictionTimer] c.n.e.registry.AbstractInstanceRegistry  : Running the evict task with compensationTime 0ms
2020-06-15 15:49:52.258  INFO 3404 --- [Eureka-EvictionTimer] c.n.e.registry.AbstractInstanceRegistry  : Running the evict task with compensationTime 0ms
2020-06-15 15:50:52.258  INFO 3404 --- [Eureka-EvictionTimer] c.n.e.registry.AbstractInstanceRegistry  : Running the evict task with compensationTime 0ms
2020-06-15 15:51:52.277  INFO 3404 --- [Eureka-EvictionTimer] c.n.e.registry.AbstractInstanceRegistry  : Running the evict task with compensationTime 11ms
2020-06-15 15:52:52.343  INFO 3404 --- [Eureka-EvictionTimer] c.n.e.registry.AbstractInstanceRegistry  : Running the evict task with compensationTime 73ms
2020-06-15 15:53:52.344  INFO 3404 --- [Eureka-EvictionTimer] c.n.e.registry.AbstractInstanceRegistry  : Running the evict task with compensationTime 0ms
2020-06-15 15:54:52.345  INFO 3404 --- [Eureka-EvictionTimer] c.n.e.registry.AbstractInstanceRegistry  : Running the evict task with compensationTime 0ms
2020-06-15 15:55:52.345  INFO 3404 --- [Eureka-EvictionTimer] c.n.e.registry.AbstractInstanceRegistry  : Running the evict task with compensationTime 0ms
2020-06-15 15:56:46.280  INFO 3404 --- [http-nio-8761-exec-10] c.n.e.registry.AbstractInstanceRegistry  : Registered instance EUREKA-ADMIN-SERVICE/DESKTOP-H4C7KO5:eureka-admin-service:8094 with status UP (replication=false)
2020-06-15 15:56:46.792  INFO 3404 --- [http-nio-8761-exec-3] c.n.e.registry.AbstractInstanceRegistry  : Registered instance EUREKA-ADMIN-SERVICE/DESKTOP-H4C7KO5:eureka-admin-service:8094 with status UP (replication=true)
2020-06-15 15:56:52.346  INFO 3404 --- [Eureka-EvictionTimer] c.n.e.registry.AbstractInstanceRegistry  : Running the evict task with compensationTime 0ms
2020-06-15 15:57:52.347  INFO 3404 --- [Eureka-EvictionTimer] c.n.e.registry.AbstractInstanceRegistry  : Running the evict task with compensationTime 1ms
2020-06-15 15:58:52.348  INFO 3404 --- [Eureka-EvictionTimer] c.n.e.registry.AbstractInstanceRegistry  : Running the evict task with compensationTime 0ms
2020-06-15 15:59:52.349  INFO 3404 --- [Eureka-EvictionTimer] c.n.e.registry.AbstractInstanceRegistry  : Running the evict task with compensationTime 0ms
