2020-06-13 14:40:34.812  INFO 4200 --- [main] c.m.MailService.MailServiceApplication   : No active profile set, falling back to default profiles: default
2020-06-13 14:40:40.444  WARN 4200 --- [main] o.s.boot.actuate.endpoint.EndpointId     : Endpoint ID 'service-registry' contains invalid characters, please migrate to a valid format.
2020-06-13 14:40:40.859  INFO 4200 --- [main] o.s.cloud.context.scope.GenericScope     : BeanFactory id=298cd7be-a412-34bc-b002-3393af4f6f6e
2020-06-13 14:40:41.582  INFO 4200 --- [main] o.s.b.w.embedded.tomcat.TomcatWebServer  : Tomcat initialized with port(s): 8098 (http)
2020-06-13 14:40:41.599  INFO 4200 --- [main] o.apache.catalina.core.StandardService   : Starting service [Tomcat]
2020-06-13 14:40:41.599  INFO 4200 --- [main] org.apache.catalina.core.StandardEngine  : Starting Servlet engine: [Apache Tomcat/9.0.35]
2020-06-13 14:40:42.001  INFO 4200 --- [main] o.a.c.c.C.[Tomcat].[localhost].[/]       : Initializing Spring embedded WebApplicationContext
2020-06-13 14:40:42.002  INFO 4200 --- [main] o.s.web.context.ContextLoader            : Root WebApplicationContext: initialization completed in 7126 ms
2020-06-13 14:40:42.195  WARN 4200 --- [main] c.n.c.sources.URLConfigurationSource     : No URLs will be polled as dynamic configuration sources.
2020-06-13 14:40:42.196  INFO 4200 --- [main] c.n.c.sources.URLConfigurationSource     : To enable URLs as dynamic configuration sources, define System property archaius.configurationSource.additionalUrls or make config.properties available on classpath.
2020-06-13 14:40:42.218  INFO 4200 --- [main] c.netflix.config.DynamicPropertyFactory  : DynamicPropertyFactory is initialized with configuration sources: com.netflix.config.ConcurrentCompositeConfiguration@faea4da
2020-06-13 14:40:42.421  WARN 4200 --- [main] c.n.c.sources.URLConfigurationSource     : No URLs will be polled as dynamic configuration sources.
2020-06-13 14:40:42.422  INFO 4200 --- [main] c.n.c.sources.URLConfigurationSource     : To enable URLs as dynamic configuration sources, define System property archaius.configurationSource.additionalUrls or make config.properties available on classpath.
2020-06-13 14:40:42.847  INFO 4200 --- [main] o.s.s.concurrent.ThreadPoolTaskExecutor  : Initializing ExecutorService 'applicationTaskExecutor'
2020-06-13 14:40:44.904  WARN 4200 --- [main] ockingLoadBalancerClientRibbonWarnLogger : You already have RibbonLoadBalancerClient on your classpath. It will be used by default. As Spring Cloud Ribbon is in maintenance mode. We recommend switching to BlockingLoadBalancerClient instead. In order to use it, set the value of `spring.cloud.loadbalancer.ribbon.enabled` to `false` or remove spring-cloud-starter-netflix-ribbon from your project.
2020-06-13 14:40:45.009  INFO 4200 --- [main] o.s.b.a.e.web.EndpointLinksResolver      : Exposing 2 endpoint(s) beneath base path '/actuator'
2020-06-13 14:40:45.137  INFO 4200 --- [main] o.s.c.n.eureka.InstanceInfoFactory       : Setting initial instance status as: STARTING
2020-06-13 14:40:45.198  INFO 4200 --- [main] com.netflix.discovery.DiscoveryClient    : Initializing Eureka in region us-east-1
2020-06-13 14:40:45.538  INFO 4200 --- [main] c.n.d.provider.DiscoveryJerseyProvider   : Using JSON encoding codec LegacyJacksonJson
2020-06-13 14:40:45.538  INFO 4200 --- [main] c.n.d.provider.DiscoveryJerseyProvider   : Using JSON decoding codec LegacyJacksonJson
2020-06-13 14:40:45.717  INFO 4200 --- [main] c.n.d.provider.DiscoveryJerseyProvider   : Using XML encoding codec XStreamXml
2020-06-13 14:40:45.718  INFO 4200 --- [main] c.n.d.provider.DiscoveryJerseyProvider   : Using XML decoding codec XStreamXml
2020-06-13 14:40:45.893  INFO 4200 --- [main] c.n.d.s.r.aws.ConfigClusterResolver      : Resolving eureka endpoints via configuration
2020-06-13 14:40:46.214  INFO 4200 --- [main] com.netflix.discovery.DiscoveryClient    : Disable delta property : false
2020-06-13 14:40:46.215  INFO 4200 --- [main] com.netflix.discovery.DiscoveryClient    : Single vip registry refresh property : null
2020-06-13 14:40:46.215  INFO 4200 --- [main] com.netflix.discovery.DiscoveryClient    : Force full registry fetch : false
2020-06-13 14:40:46.215  INFO 4200 --- [main] com.netflix.discovery.DiscoveryClient    : Application is null : false
2020-06-13 14:40:46.215  INFO 4200 --- [main] com.netflix.discovery.DiscoveryClient    : Registered Applications size is zero : true
2020-06-13 14:40:46.216  INFO 4200 --- [main] com.netflix.discovery.DiscoveryClient    : Application version is -1: true
2020-06-13 14:40:46.216  INFO 4200 --- [main] com.netflix.discovery.DiscoveryClient    : Getting all instance registry info from the eureka server
2020-06-13 14:40:46.428  INFO 4200 --- [main] com.netflix.discovery.DiscoveryClient    : The response status is 200
2020-06-13 14:40:46.434  INFO 4200 --- [main] com.netflix.discovery.DiscoveryClient    : Starting heartbeat executor: renew interval is: 30
2020-06-13 14:40:46.437  INFO 4200 --- [main] c.n.discovery.InstanceInfoReplicator     : InstanceInfoReplicator onDemand update allowed rate per min is 4
2020-06-13 14:40:46.442  INFO 4200 --- [main] com.netflix.discovery.DiscoveryClient    : Discovery Client initialized at timestamp 1592052046441 with initial instances count: 5
2020-06-13 14:40:46.443  INFO 4200 --- [main] o.s.c.n.e.s.EurekaServiceRegistry        : Registering application EUREKA-MAIL-SERVICE with eureka with status UP
2020-06-13 14:40:46.444  INFO 4200 --- [main] com.netflix.discovery.DiscoveryClient    : Saw local status change event StatusChangeEvent [timestamp=1592052046444, current=UP, previous=STARTING]
2020-06-13 14:40:46.447  INFO 4200 --- [DiscoveryClient-InstanceInfoReplicator-0] com.netflix.discovery.DiscoveryClient    : DiscoveryClient_EUREKA-MAIL-SERVICE/DESKTOP-H4C7KO5:eureka-mail-service:8098: registering service...
2020-06-13 14:40:46.482  INFO 4200 --- [main] o.s.b.w.embedded.tomcat.TomcatWebServer  : Tomcat started on port(s): 8098 (http) with context path ''
2020-06-13 14:40:46.484  INFO 4200 --- [main] .s.c.n.e.s.EurekaAutoServiceRegistration : Updating port to 8098
2020-06-13 14:40:46.488  INFO 4200 --- [DiscoveryClient-InstanceInfoReplicator-0] com.netflix.discovery.DiscoveryClient    : DiscoveryClient_EUREKA-MAIL-SERVICE/DESKTOP-H4C7KO5:eureka-mail-service:8098 - registration status: 204
2020-06-13 14:40:46.952  INFO 4200 --- [main] c.m.MailService.MailServiceApplication   : Started MailServiceApplication in 15.104 seconds (JVM running for 19.166)
2020-06-13 14:40:47.167  INFO 4200 --- [RMI TCP Connection(1)-192.168.56.1] o.a.c.c.C.[Tomcat].[localhost].[/]       : Initializing Spring DispatcherServlet 'dispatcherServlet'
2020-06-13 14:40:47.167  INFO 4200 --- [RMI TCP Connection(1)-192.168.56.1] o.s.web.servlet.DispatcherServlet        : Initializing Servlet 'dispatcherServlet'
2020-06-13 14:40:47.177  INFO 4200 --- [RMI TCP Connection(1)-192.168.56.1] o.s.web.servlet.DispatcherServlet        : Completed initialization in 10 ms
