2020-06-13 18:32:12.383  INFO 10852 --- [main] com.oglas.OglasServiceApplication        : No active profile set, falling back to default profiles: default
2020-06-13 18:32:19.073  INFO 10852 --- [main] .s.d.r.c.RepositoryConfigurationDelegate : Bootstrapping Spring Data JPA repositories in DEFERRED mode.
2020-06-13 18:32:19.234  INFO 10852 --- [main] .s.d.r.c.RepositoryConfigurationDelegate : Finished Spring Data repository scanning in 145ms. Found 4 JPA repository interfaces.
2020-06-13 18:32:19.459  WARN 10852 --- [main] o.s.boot.actuate.endpoint.EndpointId     : Endpoint ID 'service-registry' contains invalid characters, please migrate to a valid format.
2020-06-13 18:32:19.694  INFO 10852 --- [main] o.s.cloud.context.scope.GenericScope     : BeanFactory id=d1d9f5e8-5dfa-3a1e-87e1-1871dd1c014b
2020-06-13 18:32:19.819  INFO 10852 --- [main] trationDelegate$BeanPostProcessorChecker : Bean 'com.oglas.connections.AgentConnection' of type [org.springframework.cloud.openfeign.FeignClientFactoryBean] is not eligible for getting processed by all BeanPostProcessors (for example: not eligible for auto-proxying)
2020-06-13 18:32:19.821  INFO 10852 --- [main] trationDelegate$BeanPostProcessorChecker : Bean 'com.oglas.connections.SearchConnection' of type [org.springframework.cloud.openfeign.FeignClientFactoryBean] is not eligible for getting processed by all BeanPostProcessors (for example: not eligible for auto-proxying)
2020-06-13 18:32:19.822  INFO 10852 --- [main] trationDelegate$BeanPostProcessorChecker : Bean 'com.oglas.connections.UserConnection' of type [org.springframework.cloud.openfeign.FeignClientFactoryBean] is not eligible for getting processed by all BeanPostProcessors (for example: not eligible for auto-proxying)
2020-06-13 18:32:19.824  INFO 10852 --- [main] trationDelegate$BeanPostProcessorChecker : Bean 'com.oglas.connections.ZahtevConnection' of type [org.springframework.cloud.openfeign.FeignClientFactoryBean] is not eligible for getting processed by all BeanPostProcessors (for example: not eligible for auto-proxying)
2020-06-13 18:32:20.505  INFO 10852 --- [main] o.s.b.w.embedded.tomcat.TomcatWebServer  : Tomcat initialized with port(s): 8092 (http)
2020-06-13 18:32:20.545  INFO 10852 --- [main] o.apache.catalina.core.StandardService   : Starting service [Tomcat]
2020-06-13 18:32:20.546  INFO 10852 --- [main] org.apache.catalina.core.StandardEngine  : Starting Servlet engine: [Apache Tomcat/9.0.35]
2020-06-13 18:32:21.200  INFO 10852 --- [main] o.a.c.c.C.[Tomcat].[localhost].[/]       : Initializing Spring embedded WebApplicationContext
2020-06-13 18:32:21.201  INFO 10852 --- [main] o.s.web.context.ContextLoader            : Root WebApplicationContext: initialization completed in 8580 ms
2020-06-13 18:32:21.375  WARN 10852 --- [main] c.n.c.sources.URLConfigurationSource     : No URLs will be polled as dynamic configuration sources.
2020-06-13 18:32:21.375  INFO 10852 --- [main] c.n.c.sources.URLConfigurationSource     : To enable URLs as dynamic configuration sources, define System property archaius.configurationSource.additionalUrls or make config.properties available on classpath.
2020-06-13 18:32:21.386  INFO 10852 --- [main] c.netflix.config.DynamicPropertyFactory  : DynamicPropertyFactory is initialized with configuration sources: com.netflix.config.ConcurrentCompositeConfiguration@7f4a1cac
2020-06-13 18:32:21.675  INFO 10852 --- [main] o.s.s.concurrent.ThreadPoolTaskExecutor  : Initializing ExecutorService 'applicationTaskExecutor'
2020-06-13 18:32:21.772  INFO 10852 --- [task-1] o.hibernate.jpa.internal.util.LogHelper  : HHH000204: Processing PersistenceUnitInfo [name: default]
2020-06-13 18:32:21.877  INFO 10852 --- [task-1] org.hibernate.Version                    : HHH000412: Hibernate ORM core version 5.4.15.Final
2020-06-13 18:32:21.934  WARN 10852 --- [main] JpaBaseConfiguration$JpaWebConfiguration : spring.jpa.open-in-view is enabled by default. Therefore, database queries may be performed during view rendering. Explicitly configure spring.jpa.open-in-view to disable this warning
2020-06-13 18:32:22.084  INFO 10852 --- [main] DeferredRepositoryInitializationListener : Triggering deferred initialization of Spring Data repositories…
2020-06-13 18:32:22.228  INFO 10852 --- [task-1] o.hibernate.annotations.common.Version   : HCANN000001: Hibernate Commons Annotations {5.1.0.Final}
2020-06-13 18:32:22.476  INFO 10852 --- [task-1] com.zaxxer.hikari.HikariDataSource       : HikariPool-1 - Starting...
2020-06-13 18:32:22.729  INFO 10852 --- [task-1] com.zaxxer.hikari.HikariDataSource       : HikariPool-1 - Start completed.
2020-06-13 18:32:22.769  INFO 10852 --- [task-1] org.hibernate.dialect.Dialect            : HHH000400: Using dialect: org.hibernate.dialect.PostgreSQL95Dialect
2020-06-13 18:32:24.876  INFO 10852 --- [task-1] o.h.e.t.j.p.i.JtaPlatformInitiator       : HHH000490: Using JtaPlatform implementation: [org.hibernate.engine.transaction.jta.platform.internal.NoJtaPlatform]
2020-06-13 18:32:24.888  INFO 10852 --- [task-1] j.LocalContainerEntityManagerFactoryBean : Initialized JPA EntityManagerFactory for persistence unit 'default'
2020-06-13 18:32:25.786  INFO 10852 --- [main] DeferredRepositoryInitializationListener : Spring Data repositories initialized!
2020-06-13 18:32:26.005  INFO 10852 --- [main] DeferredRepositoryInitializationListener : Triggering deferred initialization of Spring Data repositories…
2020-06-13 18:32:26.005  INFO 10852 --- [main] DeferredRepositoryInitializationListener : Spring Data repositories initialized!
2020-06-13 18:32:26.072  INFO 10852 --- [main] DeferredRepositoryInitializationListener : Triggering deferred initialization of Spring Data repositories…
2020-06-13 18:32:26.074  INFO 10852 --- [main] DeferredRepositoryInitializationListener : Spring Data repositories initialized!
2020-06-13 18:32:26.096  WARN 10852 --- [main] c.n.c.sources.URLConfigurationSource     : No URLs will be polled as dynamic configuration sources.
2020-06-13 18:32:26.096  INFO 10852 --- [main] c.n.c.sources.URLConfigurationSource     : To enable URLs as dynamic configuration sources, define System property archaius.configurationSource.additionalUrls or make config.properties available on classpath.
2020-06-13 18:32:30.855  WARN 10852 --- [main] ockingLoadBalancerClientRibbonWarnLogger : You already have RibbonLoadBalancerClient on your classpath. It will be used by default. As Spring Cloud Ribbon is in maintenance mode. We recommend switching to BlockingLoadBalancerClient instead. In order to use it, set the value of `spring.cloud.loadbalancer.ribbon.enabled` to `false` or remove spring-cloud-starter-netflix-ribbon from your project.
2020-06-13 18:32:31.031  INFO 10852 --- [main] o.s.b.a.e.web.EndpointLinksResolver      : Exposing 2 endpoint(s) beneath base path '/actuator'
2020-06-13 18:32:31.448  INFO 10852 --- [main] o.s.c.n.eureka.InstanceInfoFactory       : Setting initial instance status as: STARTING
2020-06-13 18:32:31.605  INFO 10852 --- [main] com.netflix.discovery.DiscoveryClient    : Initializing Eureka in region us-east-1
2020-06-13 18:32:32.337  INFO 10852 --- [main] c.n.d.provider.DiscoveryJerseyProvider   : Using JSON encoding codec LegacyJacksonJson
2020-06-13 18:32:32.340  INFO 10852 --- [main] c.n.d.provider.DiscoveryJerseyProvider   : Using JSON decoding codec LegacyJacksonJson
2020-06-13 18:32:33.097  INFO 10852 --- [main] c.n.d.provider.DiscoveryJerseyProvider   : Using XML encoding codec XStreamXml
2020-06-13 18:32:33.100  INFO 10852 --- [main] c.n.d.provider.DiscoveryJerseyProvider   : Using XML decoding codec XStreamXml
2020-06-13 18:32:33.942  INFO 10852 --- [main] c.n.d.s.r.aws.ConfigClusterResolver      : Resolving eureka endpoints via configuration
2020-06-13 18:32:35.353  INFO 10852 --- [main] com.netflix.discovery.DiscoveryClient    : Disable delta property : false
2020-06-13 18:32:35.372  INFO 10852 --- [main] com.netflix.discovery.DiscoveryClient    : Single vip registry refresh property : null
2020-06-13 18:32:35.387  INFO 10852 --- [main] com.netflix.discovery.DiscoveryClient    : Force full registry fetch : false
2020-06-13 18:32:35.388  INFO 10852 --- [main] com.netflix.discovery.DiscoveryClient    : Application is null : false
2020-06-13 18:32:35.388  INFO 10852 --- [main] com.netflix.discovery.DiscoveryClient    : Registered Applications size is zero : true
2020-06-13 18:32:35.388  INFO 10852 --- [main] com.netflix.discovery.DiscoveryClient    : Application version is -1: true
2020-06-13 18:32:35.388  INFO 10852 --- [main] com.netflix.discovery.DiscoveryClient    : Getting all instance registry info from the eureka server
2020-06-13 18:32:36.103  INFO 10852 --- [main] com.netflix.discovery.DiscoveryClient    : The response status is 200
2020-06-13 18:32:36.134  INFO 10852 --- [main] com.netflix.discovery.DiscoveryClient    : Starting heartbeat executor: renew interval is: 30
2020-06-13 18:32:36.139  INFO 10852 --- [main] c.n.discovery.InstanceInfoReplicator     : InstanceInfoReplicator onDemand update allowed rate per min is 4
2020-06-13 18:32:36.164  INFO 10852 --- [main] com.netflix.discovery.DiscoveryClient    : Discovery Client initialized at timestamp 1592065956155 with initial instances count: 7
2020-06-13 18:32:36.187  INFO 10852 --- [main] o.s.c.n.e.s.EurekaServiceRegistry        : Registering application EUREKA-OGLAS-SERVICE with eureka with status UP
2020-06-13 18:32:36.191  INFO 10852 --- [main] com.netflix.discovery.DiscoveryClient    : Saw local status change event StatusChangeEvent [timestamp=1592065956191, current=UP, previous=STARTING]
2020-06-13 18:32:36.195  INFO 10852 --- [DiscoveryClient-InstanceInfoReplicator-0] com.netflix.discovery.DiscoveryClient    : DiscoveryClient_EUREKA-OGLAS-SERVICE/DESKTOP-H4C7KO5:eureka-oglas-service:8092: registering service...
2020-06-13 18:32:36.260  INFO 10852 --- [DiscoveryClient-InstanceInfoReplicator-0] com.netflix.discovery.DiscoveryClient    : DiscoveryClient_EUREKA-OGLAS-SERVICE/DESKTOP-H4C7KO5:eureka-oglas-service:8092 - registration status: 204
2020-06-13 18:32:36.299  INFO 10852 --- [main] o.s.b.w.embedded.tomcat.TomcatWebServer  : Tomcat started on port(s): 8092 (http) with context path ''
2020-06-13 18:32:36.302  INFO 10852 --- [main] .s.c.n.e.s.EurekaAutoServiceRegistration : Updating port to 8092
2020-06-13 18:32:38.670  INFO 10852 --- [main] DeferredRepositoryInitializationListener : Triggering deferred initialization of Spring Data repositories…
2020-06-13 18:32:38.672  INFO 10852 --- [main] DeferredRepositoryInitializationListener : Spring Data repositories initialized!
2020-06-13 18:32:38.742  INFO 10852 --- [main] com.oglas.OglasServiceApplication        : Started OglasServiceApplication in 33.614 seconds (JVM running for 38.94)
2020-06-13 18:32:42.885  INFO 10852 --- [RMI TCP Connection(9)-192.168.56.1] o.a.c.c.C.[Tomcat].[localhost].[/]       : Initializing Spring DispatcherServlet 'dispatcherServlet'
2020-06-13 18:32:42.886  INFO 10852 --- [RMI TCP Connection(9)-192.168.56.1] o.s.web.servlet.DispatcherServlet        : Initializing Servlet 'dispatcherServlet'
2020-06-13 18:32:42.908  INFO 10852 --- [RMI TCP Connection(9)-192.168.56.1] o.s.web.servlet.DispatcherServlet        : Completed initialization in 17 ms
