2020-06-13 14:57:19.405  INFO 5452 --- [main] c.m.M.MessagesServiceApplication         : No active profile set, falling back to default profiles: default
2020-06-13 14:57:20.642  WARN 5452 --- [main] o.s.boot.actuate.endpoint.EndpointId     : Endpoint ID 'service-registry' contains invalid characters, please migrate to a valid format.
2020-06-13 14:57:20.805  INFO 5452 --- [main] o.s.cloud.context.scope.GenericScope     : BeanFactory id=0137ae09-0e33-3aa3-bc4c-05ff8e16b9bd
2020-06-13 14:57:21.151  INFO 5452 --- [main] o.s.b.w.embedded.tomcat.TomcatWebServer  : Tomcat initialized with port(s): 8099 (http)
2020-06-13 14:57:21.166  INFO 5452 --- [main] o.apache.catalina.core.StandardService   : Starting service [Tomcat]
2020-06-13 14:57:21.167  INFO 5452 --- [main] org.apache.catalina.core.StandardEngine  : Starting Servlet engine: [Apache Tomcat/9.0.35]
2020-06-13 14:57:21.403  INFO 5452 --- [main] o.a.c.c.C.[Tomcat].[localhost].[/]       : Initializing Spring embedded WebApplicationContext
2020-06-13 14:57:21.404  INFO 5452 --- [main] o.s.web.context.ContextLoader            : Root WebApplicationContext: initialization completed in 1976 ms
2020-06-13 14:57:21.544  WARN 5452 --- [main] c.n.c.sources.URLConfigurationSource     : No URLs will be polled as dynamic configuration sources.
2020-06-13 14:57:21.545  INFO 5452 --- [main] c.n.c.sources.URLConfigurationSource     : To enable URLs as dynamic configuration sources, define System property archaius.configurationSource.additionalUrls or make config.properties available on classpath.
2020-06-13 14:57:21.555  INFO 5452 --- [main] c.netflix.config.DynamicPropertyFactory  : DynamicPropertyFactory is initialized with configuration sources: com.netflix.config.ConcurrentCompositeConfiguration@13803a94
2020-06-13 14:57:21.703  WARN 5452 --- [main] c.n.c.sources.URLConfigurationSource     : No URLs will be polled as dynamic configuration sources.
2020-06-13 14:57:21.704  INFO 5452 --- [main] c.n.c.sources.URLConfigurationSource     : To enable URLs as dynamic configuration sources, define System property archaius.configurationSource.additionalUrls or make config.properties available on classpath.
2020-06-13 14:57:21.865  INFO 5452 --- [main] o.s.s.concurrent.ThreadPoolTaskExecutor  : Initializing ExecutorService 'applicationTaskExecutor'
2020-06-13 14:57:23.228  WARN 5452 --- [main] ockingLoadBalancerClientRibbonWarnLogger : You already have RibbonLoadBalancerClient on your classpath. It will be used by default. As Spring Cloud Ribbon is in maintenance mode. We recommend switching to BlockingLoadBalancerClient instead. In order to use it, set the value of `spring.cloud.loadbalancer.ribbon.enabled` to `false` or remove spring-cloud-starter-netflix-ribbon from your project.
2020-06-13 14:57:23.277  INFO 5452 --- [main] o.s.b.a.e.web.EndpointLinksResolver      : Exposing 2 endpoint(s) beneath base path '/actuator'
2020-06-13 14:57:23.376  INFO 5452 --- [main] o.s.c.n.eureka.InstanceInfoFactory       : Setting initial instance status as: STARTING
2020-06-13 14:57:23.412  INFO 5452 --- [main] com.netflix.discovery.DiscoveryClient    : Initializing Eureka in region us-east-1
2020-06-13 14:57:23.631  INFO 5452 --- [main] c.n.d.provider.DiscoveryJerseyProvider   : Using JSON encoding codec LegacyJacksonJson
2020-06-13 14:57:23.632  INFO 5452 --- [main] c.n.d.provider.DiscoveryJerseyProvider   : Using JSON decoding codec LegacyJacksonJson
2020-06-13 14:57:23.755  INFO 5452 --- [main] c.n.d.provider.DiscoveryJerseyProvider   : Using XML encoding codec XStreamXml
2020-06-13 14:57:23.755  INFO 5452 --- [main] c.n.d.provider.DiscoveryJerseyProvider   : Using XML decoding codec XStreamXml
2020-06-13 14:57:23.941  INFO 5452 --- [main] c.n.d.s.r.aws.ConfigClusterResolver      : Resolving eureka endpoints via configuration
2020-06-13 14:57:24.225  INFO 5452 --- [main] com.netflix.discovery.DiscoveryClient    : Disable delta property : false
2020-06-13 14:57:24.226  INFO 5452 --- [main] com.netflix.discovery.DiscoveryClient    : Single vip registry refresh property : null
2020-06-13 14:57:24.226  INFO 5452 --- [main] com.netflix.discovery.DiscoveryClient    : Force full registry fetch : false
2020-06-13 14:57:24.226  INFO 5452 --- [main] com.netflix.discovery.DiscoveryClient    : Application is null : false
2020-06-13 14:57:24.226  INFO 5452 --- [main] com.netflix.discovery.DiscoveryClient    : Registered Applications size is zero : true
2020-06-13 14:57:24.226  INFO 5452 --- [main] com.netflix.discovery.DiscoveryClient    : Application version is -1: true
2020-06-13 14:57:24.227  INFO 5452 --- [main] com.netflix.discovery.DiscoveryClient    : Getting all instance registry info from the eureka server
2020-06-13 14:57:24.396  INFO 5452 --- [main] com.netflix.discovery.DiscoveryClient    : The response status is 200
2020-06-13 14:57:24.402  INFO 5452 --- [main] com.netflix.discovery.DiscoveryClient    : Starting heartbeat executor: renew interval is: 30
2020-06-13 14:57:24.406  INFO 5452 --- [main] c.n.discovery.InstanceInfoReplicator     : InstanceInfoReplicator onDemand update allowed rate per min is 4
2020-06-13 14:57:24.413  INFO 5452 --- [main] com.netflix.discovery.DiscoveryClient    : Discovery Client initialized at timestamp 1592053044411 with initial instances count: 6
2020-06-13 14:57:24.414  INFO 5452 --- [main] o.s.c.n.e.s.EurekaServiceRegistry        : Registering application EUREKA-MESSAGE-SERVICE with eureka with status UP
2020-06-13 14:57:24.415  INFO 5452 --- [main] com.netflix.discovery.DiscoveryClient    : Saw local status change event StatusChangeEvent [timestamp=1592053044415, current=UP, previous=STARTING]
2020-06-13 14:57:24.418  INFO 5452 --- [DiscoveryClient-InstanceInfoReplicator-0] com.netflix.discovery.DiscoveryClient    : DiscoveryClient_EUREKA-MESSAGE-SERVICE/DESKTOP-H4C7KO5:eureka-message-service:8099: registering service...
2020-06-13 14:57:24.463  INFO 5452 --- [DiscoveryClient-InstanceInfoReplicator-0] com.netflix.discovery.DiscoveryClient    : DiscoveryClient_EUREKA-MESSAGE-SERVICE/DESKTOP-H4C7KO5:eureka-message-service:8099 - registration status: 204
2020-06-13 14:57:24.463  INFO 5452 --- [main] o.s.b.w.embedded.tomcat.TomcatWebServer  : Tomcat started on port(s): 8099 (http) with context path ''
2020-06-13 14:57:24.465  INFO 5452 --- [main] .s.c.n.e.s.EurekaAutoServiceRegistration : Updating port to 8099
2020-06-13 14:57:24.939  INFO 5452 --- [main] c.m.M.MessagesServiceApplication         : Started MessagesServiceApplication in 8.284 seconds (JVM running for 15.837)
2020-06-13 14:57:25.917  INFO 5452 --- [RMI TCP Connection(2)-192.168.56.1] o.a.c.c.C.[Tomcat].[localhost].[/]       : Initializing Spring DispatcherServlet 'dispatcherServlet'
2020-06-13 14:57:25.918  INFO 5452 --- [RMI TCP Connection(2)-192.168.56.1] o.s.web.servlet.DispatcherServlet        : Initializing Servlet 'dispatcherServlet'
2020-06-13 14:57:25.926  INFO 5452 --- [RMI TCP Connection(2)-192.168.56.1] o.s.web.servlet.DispatcherServlet        : Completed initialization in 8 ms
2020-06-13 15:02:24.230  INFO 5452 --- [AsyncResolver-bootstrap-executor-0] c.n.d.s.r.aws.ConfigClusterResolver      : Resolving eureka endpoints via configuration
2020-06-13 15:07:24.231  INFO 5452 --- [AsyncResolver-bootstrap-executor-0] c.n.d.s.r.aws.ConfigClusterResolver      : Resolving eureka endpoints via configuration
2020-06-13 15:12:24.232  INFO 5452 --- [AsyncResolver-bootstrap-executor-0] c.n.d.s.r.aws.ConfigClusterResolver      : Resolving eureka endpoints via configuration
2020-06-13 15:17:24.233  INFO 5452 --- [AsyncResolver-bootstrap-executor-0] c.n.d.s.r.aws.ConfigClusterResolver      : Resolving eureka endpoints via configuration
2020-06-13 15:22:24.235  INFO 5452 --- [AsyncResolver-bootstrap-executor-0] c.n.d.s.r.aws.ConfigClusterResolver      : Resolving eureka endpoints via configuration
2020-06-13 15:27:24.236  INFO 5452 --- [AsyncResolver-bootstrap-executor-0] c.n.d.s.r.aws.ConfigClusterResolver      : Resolving eureka endpoints via configuration
2020-06-13 15:32:24.237  INFO 5452 --- [AsyncResolver-bootstrap-executor-0] c.n.d.s.r.aws.ConfigClusterResolver      : Resolving eureka endpoints via configuration
2020-06-13 15:37:24.238  INFO 5452 --- [AsyncResolver-bootstrap-executor-0] c.n.d.s.r.aws.ConfigClusterResolver      : Resolving eureka endpoints via configuration
2020-06-13 15:42:24.239  INFO 5452 --- [AsyncResolver-bootstrap-executor-0] c.n.d.s.r.aws.ConfigClusterResolver      : Resolving eureka endpoints via configuration
2020-06-13 15:47:24.241  INFO 5452 --- [AsyncResolver-bootstrap-executor-0] c.n.d.s.r.aws.ConfigClusterResolver      : Resolving eureka endpoints via configuration
2020-06-13 15:52:24.242  INFO 5452 --- [AsyncResolver-bootstrap-executor-0] c.n.d.s.r.aws.ConfigClusterResolver      : Resolving eureka endpoints via configuration
2020-06-13 15:57:24.244  INFO 5452 --- [AsyncResolver-bootstrap-executor-0] c.n.d.s.r.aws.ConfigClusterResolver      : Resolving eureka endpoints via configuration
2020-06-13 16:02:24.247  INFO 5452 --- [AsyncResolver-bootstrap-executor-0] c.n.d.s.r.aws.ConfigClusterResolver      : Resolving eureka endpoints via configuration
2020-06-13 16:07:24.250  INFO 5452 --- [AsyncResolver-bootstrap-executor-0] c.n.d.s.r.aws.ConfigClusterResolver      : Resolving eureka endpoints via configuration
2020-06-13 16:12:24.251  INFO 5452 --- [AsyncResolver-bootstrap-executor-0] c.n.d.s.r.aws.ConfigClusterResolver      : Resolving eureka endpoints via configuration
2020-06-13 16:17:24.252  INFO 5452 --- [AsyncResolver-bootstrap-executor-0] c.n.d.s.r.aws.ConfigClusterResolver      : Resolving eureka endpoints via configuration
2020-06-13 16:22:24.257  INFO 5452 --- [AsyncResolver-bootstrap-executor-0] c.n.d.s.r.aws.ConfigClusterResolver      : Resolving eureka endpoints via configuration
2020-06-13 16:27:24.260  INFO 5452 --- [AsyncResolver-bootstrap-executor-0] c.n.d.s.r.aws.ConfigClusterResolver      : Resolving eureka endpoints via configuration
2020-06-13 16:32:24.262  INFO 5452 --- [AsyncResolver-bootstrap-executor-0] c.n.d.s.r.aws.ConfigClusterResolver      : Resolving eureka endpoints via configuration
2020-06-13 16:37:24.262  INFO 5452 --- [AsyncResolver-bootstrap-executor-0] c.n.d.s.r.aws.ConfigClusterResolver      : Resolving eureka endpoints via configuration
2020-06-13 16:42:24.264  INFO 5452 --- [AsyncResolver-bootstrap-executor-0] c.n.d.s.r.aws.ConfigClusterResolver      : Resolving eureka endpoints via configuration
2020-06-13 16:47:24.266  INFO 5452 --- [AsyncResolver-bootstrap-executor-0] c.n.d.s.r.aws.ConfigClusterResolver      : Resolving eureka endpoints via configuration
2020-06-13 16:52:24.267  INFO 5452 --- [AsyncResolver-bootstrap-executor-0] c.n.d.s.r.aws.ConfigClusterResolver      : Resolving eureka endpoints via configuration
2020-06-13 16:57:24.269  INFO 5452 --- [AsyncResolver-bootstrap-executor-0] c.n.d.s.r.aws.ConfigClusterResolver      : Resolving eureka endpoints via configuration
2020-06-13 17:02:24.270  INFO 5452 --- [AsyncResolver-bootstrap-executor-0] c.n.d.s.r.aws.ConfigClusterResolver      : Resolving eureka endpoints via configuration
2020-06-13 17:07:24.271  INFO 5452 --- [AsyncResolver-bootstrap-executor-0] c.n.d.s.r.aws.ConfigClusterResolver      : Resolving eureka endpoints via configuration
2020-06-13 17:12:24.274  INFO 5452 --- [AsyncResolver-bootstrap-executor-0] c.n.d.s.r.aws.ConfigClusterResolver      : Resolving eureka endpoints via configuration
2020-06-13 17:17:24.275  INFO 5452 --- [AsyncResolver-bootstrap-executor-0] c.n.d.s.r.aws.ConfigClusterResolver      : Resolving eureka endpoints via configuration
2020-06-13 17:22:24.276  INFO 5452 --- [AsyncResolver-bootstrap-executor-0] c.n.d.s.r.aws.ConfigClusterResolver      : Resolving eureka endpoints via configuration
2020-06-13 17:27:24.278  INFO 5452 --- [AsyncResolver-bootstrap-executor-0] c.n.d.s.r.aws.ConfigClusterResolver      : Resolving eureka endpoints via configuration
2020-06-13 17:32:24.280  INFO 5452 --- [AsyncResolver-bootstrap-executor-0] c.n.d.s.r.aws.ConfigClusterResolver      : Resolving eureka endpoints via configuration
2020-06-13 17:37:24.281  INFO 5452 --- [AsyncResolver-bootstrap-executor-0] c.n.d.s.r.aws.ConfigClusterResolver      : Resolving eureka endpoints via configuration
2020-06-13 17:42:24.282  INFO 5452 --- [AsyncResolver-bootstrap-executor-0] c.n.d.s.r.aws.ConfigClusterResolver      : Resolving eureka endpoints via configuration
2020-06-13 17:47:24.284  INFO 5452 --- [AsyncResolver-bootstrap-executor-0] c.n.d.s.r.aws.ConfigClusterResolver      : Resolving eureka endpoints via configuration
2020-06-13 17:52:24.285  INFO 5452 --- [AsyncResolver-bootstrap-executor-0] c.n.d.s.r.aws.ConfigClusterResolver      : Resolving eureka endpoints via configuration
2020-06-13 17:57:24.286  INFO 5452 --- [AsyncResolver-bootstrap-executor-0] c.n.d.s.r.aws.ConfigClusterResolver      : Resolving eureka endpoints via configuration
2020-06-13 18:02:24.288  INFO 5452 --- [AsyncResolver-bootstrap-executor-0] c.n.d.s.r.aws.ConfigClusterResolver      : Resolving eureka endpoints via configuration
2020-06-13 18:07:24.291  INFO 5452 --- [AsyncResolver-bootstrap-executor-0] c.n.d.s.r.aws.ConfigClusterResolver      : Resolving eureka endpoints via configuration
2020-06-13 18:12:24.294  INFO 5452 --- [AsyncResolver-bootstrap-executor-0] c.n.d.s.r.aws.ConfigClusterResolver      : Resolving eureka endpoints via configuration
2020-06-13 18:17:24.295  INFO 5452 --- [AsyncResolver-bootstrap-executor-0] c.n.d.s.r.aws.ConfigClusterResolver      : Resolving eureka endpoints via configuration
2020-06-13 18:22:24.298  INFO 5452 --- [AsyncResolver-bootstrap-executor-0] c.n.d.s.r.aws.ConfigClusterResolver      : Resolving eureka endpoints via configuration
2020-06-13 18:27:24.299  INFO 5452 --- [AsyncResolver-bootstrap-executor-0] c.n.d.s.r.aws.ConfigClusterResolver      : Resolving eureka endpoints via configuration
