2020-06-13 14:36:28.832  INFO 8100 --- [main] c.c.C.CommentRatingServiceApplication    : No active profile set, falling back to default profiles: default
2020-06-13 14:36:30.265  WARN 8100 --- [main] o.s.boot.actuate.endpoint.EndpointId     : Endpoint ID 'service-registry' contains invalid characters, please migrate to a valid format.
2020-06-13 14:36:30.445  INFO 8100 --- [main] o.s.cloud.context.scope.GenericScope     : BeanFactory id=78494b95-ecb8-3052-bc38-a1304e6b9b53
2020-06-13 14:36:30.824  INFO 8100 --- [main] o.s.b.w.embedded.tomcat.TomcatWebServer  : Tomcat initialized with port(s): 8097 (http)
2020-06-13 14:36:30.836  INFO 8100 --- [main] o.apache.catalina.core.StandardService   : Starting service [Tomcat]
2020-06-13 14:36:30.837  INFO 8100 --- [main] org.apache.catalina.core.StandardEngine  : Starting Servlet engine: [Apache Tomcat/9.0.35]
2020-06-13 14:36:31.074  INFO 8100 --- [main] o.a.c.c.C.[Tomcat].[localhost].[/]       : Initializing Spring embedded WebApplicationContext
2020-06-13 14:36:31.075  INFO 8100 --- [main] o.s.web.context.ContextLoader            : Root WebApplicationContext: initialization completed in 2211 ms
2020-06-13 14:36:31.198  WARN 8100 --- [main] c.n.c.sources.URLConfigurationSource     : No URLs will be polled as dynamic configuration sources.
2020-06-13 14:36:31.198  INFO 8100 --- [main] c.n.c.sources.URLConfigurationSource     : To enable URLs as dynamic configuration sources, define System property archaius.configurationSource.additionalUrls or make config.properties available on classpath.
2020-06-13 14:36:31.207  INFO 8100 --- [main] c.netflix.config.DynamicPropertyFactory  : DynamicPropertyFactory is initialized with configuration sources: com.netflix.config.ConcurrentCompositeConfiguration@40c06358
2020-06-13 14:36:31.327  WARN 8100 --- [main] c.n.c.sources.URLConfigurationSource     : No URLs will be polled as dynamic configuration sources.
2020-06-13 14:36:31.327  INFO 8100 --- [main] c.n.c.sources.URLConfigurationSource     : To enable URLs as dynamic configuration sources, define System property archaius.configurationSource.additionalUrls or make config.properties available on classpath.
2020-06-13 14:36:31.495  INFO 8100 --- [main] o.s.s.concurrent.ThreadPoolTaskExecutor  : Initializing ExecutorService 'applicationTaskExecutor'
2020-06-13 14:36:32.899  WARN 8100 --- [main] ockingLoadBalancerClientRibbonWarnLogger : You already have RibbonLoadBalancerClient on your classpath. It will be used by default. As Spring Cloud Ribbon is in maintenance mode. We recommend switching to BlockingLoadBalancerClient instead. In order to use it, set the value of `spring.cloud.loadbalancer.ribbon.enabled` to `false` or remove spring-cloud-starter-netflix-ribbon from your project.
2020-06-13 14:36:32.949  INFO 8100 --- [main] o.s.b.a.e.web.EndpointLinksResolver      : Exposing 2 endpoint(s) beneath base path '/actuator'
2020-06-13 14:36:33.046  INFO 8100 --- [main] o.s.c.n.eureka.InstanceInfoFactory       : Setting initial instance status as: STARTING
2020-06-13 14:36:33.078  INFO 8100 --- [main] com.netflix.discovery.DiscoveryClient    : Initializing Eureka in region us-east-1
2020-06-13 14:36:33.301  INFO 8100 --- [main] c.n.d.provider.DiscoveryJerseyProvider   : Using JSON encoding codec LegacyJacksonJson
2020-06-13 14:36:33.301  INFO 8100 --- [main] c.n.d.provider.DiscoveryJerseyProvider   : Using JSON decoding codec LegacyJacksonJson
2020-06-13 14:36:33.439  INFO 8100 --- [main] c.n.d.provider.DiscoveryJerseyProvider   : Using XML encoding codec XStreamXml
2020-06-13 14:36:33.439  INFO 8100 --- [main] c.n.d.provider.DiscoveryJerseyProvider   : Using XML decoding codec XStreamXml
2020-06-13 14:36:33.662  INFO 8100 --- [main] c.n.d.s.r.aws.ConfigClusterResolver      : Resolving eureka endpoints via configuration
2020-06-13 14:36:33.960  INFO 8100 --- [main] com.netflix.discovery.DiscoveryClient    : Disable delta property : false
2020-06-13 14:36:33.960  INFO 8100 --- [main] com.netflix.discovery.DiscoveryClient    : Single vip registry refresh property : null
2020-06-13 14:36:33.960  INFO 8100 --- [main] com.netflix.discovery.DiscoveryClient    : Force full registry fetch : false
2020-06-13 14:36:33.961  INFO 8100 --- [main] com.netflix.discovery.DiscoveryClient    : Application is null : false
2020-06-13 14:36:33.961  INFO 8100 --- [main] com.netflix.discovery.DiscoveryClient    : Registered Applications size is zero : true
2020-06-13 14:36:33.961  INFO 8100 --- [main] com.netflix.discovery.DiscoveryClient    : Application version is -1: true
2020-06-13 14:36:33.961  INFO 8100 --- [main] com.netflix.discovery.DiscoveryClient    : Getting all instance registry info from the eureka server
2020-06-13 14:36:34.159  INFO 8100 --- [main] com.netflix.discovery.DiscoveryClient    : The response status is 200
2020-06-13 14:36:34.162  INFO 8100 --- [main] com.netflix.discovery.DiscoveryClient    : Starting heartbeat executor: renew interval is: 30
2020-06-13 14:36:34.167  INFO 8100 --- [main] c.n.discovery.InstanceInfoReplicator     : InstanceInfoReplicator onDemand update allowed rate per min is 4
2020-06-13 14:36:34.173  INFO 8100 --- [main] com.netflix.discovery.DiscoveryClient    : Discovery Client initialized at timestamp 1592051794172 with initial instances count: 3
2020-06-13 14:36:34.174  INFO 8100 --- [main] o.s.c.n.e.s.EurekaServiceRegistry        : Registering application EUREKA-COMMENTRAITING-SERVICE with eureka with status UP
2020-06-13 14:36:34.175  INFO 8100 --- [main] com.netflix.discovery.DiscoveryClient    : Saw local status change event StatusChangeEvent [timestamp=1592051794175, current=UP, previous=STARTING]
2020-06-13 14:36:34.178  INFO 8100 --- [DiscoveryClient-InstanceInfoReplicator-0] com.netflix.discovery.DiscoveryClient    : DiscoveryClient_EUREKA-COMMENTRAITING-SERVICE/DESKTOP-H4C7KO5:eureka-commentRaiting-service:8097: registering service...
2020-06-13 14:36:34.225  INFO 8100 --- [DiscoveryClient-InstanceInfoReplicator-0] com.netflix.discovery.DiscoveryClient    : DiscoveryClient_EUREKA-COMMENTRAITING-SERVICE/DESKTOP-H4C7KO5:eureka-commentRaiting-service:8097 - registration status: 204
2020-06-13 14:36:34.228  INFO 8100 --- [main] o.s.b.w.embedded.tomcat.TomcatWebServer  : Tomcat started on port(s): 8097 (http) with context path ''
2020-06-13 14:36:34.230  INFO 8100 --- [main] .s.c.n.e.s.EurekaAutoServiceRegistration : Updating port to 8097
2020-06-13 14:36:35.216  INFO 8100 --- [main] c.c.C.CommentRatingServiceApplication    : Started CommentRatingServiceApplication in 8.636 seconds (JVM running for 13.981)
2020-06-13 14:36:36.761  INFO 8100 --- [RMI TCP Connection(6)-192.168.56.1] o.a.c.c.C.[Tomcat].[localhost].[/]       : Initializing Spring DispatcherServlet 'dispatcherServlet'
2020-06-13 14:36:36.762  INFO 8100 --- [RMI TCP Connection(6)-192.168.56.1] o.s.web.servlet.DispatcherServlet        : Initializing Servlet 'dispatcherServlet'
2020-06-13 14:36:36.771  INFO 8100 --- [RMI TCP Connection(6)-192.168.56.1] o.s.web.servlet.DispatcherServlet        : Completed initialization in 9 ms
